make all --print-data-base --no-builtin-variables --no-builtin-rules --question
# GNU Make 3.81
# Copyright (C) 2006  Free Software Foundation, Inc.
# This is free software; see the source for copying conditions.
# There is NO warranty; not even for MERCHANTABILITY or FITNESS FOR A
# PARTICULAR PURPOSE.

# This program built for i386-apple-darwin11.3.0
 

# Make data base, printed on Mon Jun 20 16:12:12 2022

# Variables

# automatic
<D = $(patsubst %/,%,$(dir $<))
 
# automatic
?F = $(notdir $?)
# environment
VSCODE_LOG_NATIVE = false
# environment
NVM_INC = /Users/josephinesimple/.nvm/versions/node/v14.17.4/include/node
# automatic
?D = $(patsubst %/,%,$(dir $?))
# automatic
@D = $(patsubst %/,%,$(dir $@))
# automatic
@F = $(notdir $@)
# makefile
CURDIR := /Users/josephinesimple/Desktop/code/RC/data_structures_C
# makefile
SHELL = /bin/sh
# environment
VSCODE_NLS_CONFIG = {"locale":"en-us","availableLanguages":{},"_languagePackSupport":true}
# environment
_ = /usr/bin/make
# makefile (from `Makefile', line 6)
CFLAGS = -std=c11 -Wall -Wextra -Wpedantic -O3
# makefile (from `Makefile', line 1)
MAKEFILE_LIST :=  Makefile
# environment
VSCODE_VERBOSE_LOGGING = true
# environment
__CFBundleIdentifier = com.microsoft.VSCode
# environment
VSCODE_IPC_HOOK_EXTHOST = /var/folders/q5/pf0rlpm10yn_vt6vdlnfjsdc0000gn/T/vscode-ipc-4c367bdd-8f6e-423b-9fd9-de907c3d3ef8.sock
# environment
VSCODE_CWD = /
# environment
PATH = /opt/homebrew/bin:/opt/homebrew/sbin:/Users/josephinesimple/.nvm/versions/node/v14.17.4/bin:/Users/josephinesimple/Library/Python/3.9/bin:/Library/Frameworks/Python.framework/Versions/3.10/bin:/usr/local/bin:/usr/bin:/bin:/usr/sbin:/sbin:/Applications/VMware Fusion.app/Contents/Public:/Library/Apple/usr/bin:/Applications/Postgres.app/Contents/Versions/latest/bin:/Users/josephinesimple/opt/anaconda3/condabin:/opt/homebrew/bin:/opt/homebrew/sbin:/Users/josephinesimple/.nvm/versions/node/v14.17.4/bin:/Users/josephinesimple/Library/Python/3.9/bin:/Library/Frameworks/Python.framework/Versions/3.10/bin
# default
ARFLAGS = -rv
# environment
NVM_BIN = /Users/josephinesimple/.nvm/versions/node/v14.17.4/bin
# environment
LaunchInstanceID = B774D504-AD0C-4ED2-B8E1-9ABF429A702C
# environment
VSCODE_LOG_STACK = false
# environment
ELECTRON_RUN_AS_NODE = 1
# default
.FEATURES := target-specific order-only second-expansion else-if archives jobserver check-symlink
# environment
SSH_AUTH_SOCK = /private/tmp/com.apple.launchd.eAaCzSsyMF/Listeners
# automatic
%F = $(notdir $%)
# environment
CONDA_EXE = /Users/josephinesimple/opt/anaconda3/bin/conda
# environment
VSCODE_PIPE_LOGGING = true
# environment
PWD = /Users/josephinesimple/Desktop/code/RC/data_structures_C
# environment
ORIGINAL_XDG_CURRENT_DESKTOP = undefined
# environment
VSCODE_AMD_ENTRYPOINT = vs/workbench/api/node/extensionHostProcess
# environment
HOME = /Users/josephinesimple
# default
MAKEFILEPATH := /Applications/Xcode.app/Contents/Developer/Makefiles
# environment
VSCODE_CODE_CACHE_PATH = /Users/josephinesimple/Library/Application Support/Code/CachedData/30d9c6cd9483b2cc586687151bcbcd635f373630
# environment
LOGNAME = josephinesimple
# environment
APPLICATION_INSIGHTS_NO_DIAGNOSTIC_CHANNEL = true
# environment
NVM_CD_FLAGS = -q
# environment
VSCODE_HANDLES_UNCAUGHT_ERRORS = true
# automatic
^D = $(patsubst %/,%,$(dir $^))
# environment
XPC_FLAGS = 0x0
# default
MAKE = $(MAKE_COMMAND)
# default
MAKECMDGOALS := all
# environment
SHLVL = 2
# makefile (from `Makefile', line 4)
CC = clang
# default
MAKE_VERSION := 3.81
# environment
USER = josephinesimple
# makefile
.DEFAULT_GOAL := all
# environment
TERM_SESSION_ID = DBA5F504-369D-4CC2-8864-7F3E39B6A55D
# automatic
%D = $(patsubst %/,%,$(dir $%))
# environment
CONDA_SHLVL = 0
# default
MAKE_COMMAND := /Applications/Xcode.app/Contents/Developer/usr/bin/make
# environment
TERM_PROGRAM = Apple_Terminal
# default
.VARIABLES := 
# environment
TMPDIR = /var/folders/q5/pf0rlpm10yn_vt6vdlnfjsdc0000gn/T/
# automatic
*F = $(notdir $*)
# environment
VSCODE_IPC_HOOK = /Users/josephinesimple/Library/Application Support/Code/1.68.1-main.sock
# makefile
MAKEFLAGS = Rrqp
# environment
MFLAGS = -Rrqp
# automatic
*D = $(patsubst %/,%,$(dir $*))
 
# environment
TERM_PROGRAM_VERSION = 445
# environment
NVM_DIR = /Users/josephinesimple/.nvm
# environment
XPC_SERVICE_NAME = application.com.microsoft.VSCode.27701737.27701743
# automatic
+D = $(patsubst %/,%,$(dir $+))
# automatic
+F = $(notdir $+)
# environment
__CF_USER_TEXT_ENCODING = 0x1F5:0x0:0x0
# environment
COMMAND_MODE = unix2003
# default
MAKEFILES := 
# automatic
<F = $(notdir $<)
# environment
LC_ALL = C
# environment
CONDA_PYTHON_EXE = /Users/josephinesimple/opt/anaconda3/bin/python
# environment
SECURITYSESSIONID = 186c3
# automatic
^F = $(notdir $^)
# default
SUFFIXES := 
# environment
_CE_M = 
# environment
MAKELEVEL := 0
# environment
LANG = C
# environment
TERM = xterm-256color
# environment
VSCODE_PID = 14198
# environment
_CE_CONDA = 
# variable set hash-table stats:
# Load=79/1024=8%, Rehash=0, Collisions=1/107=1%

# Pattern-specific Variable Values

# No pattern-specific variable values.

# Directories

# . (device 16777232, inode 20079252): 20 files, 1 impossibilities.

# 20 files, 1 impossibilities in 1 directories.

# Implicit Rules

%.c:

%.o: %.c
#  commands to execute (from `Makefile', line 21):
	$(CC) $(CPPFLAGS) $(CFLAGS) -o $@ -c $<
	

%.o:

# 3 implicit rules, 0 (0.0%) terminal.

# Files

all: tree-test
#  Command-line target.
#  Implicit rule search has been done.
#  File does not exist.
#  File has been updated.
#  Needs to be updated (-q is set).
# variable set hash-table stats:
# Load=0/32=0%, Rehash=0, Collisions=0/5=0%

ll.o: linked_list_generic.c linked_list_generic.h
#  Implicit rule search has been done.
#  File does not exist.
#  File has been updated.
#  Successfully updated.
# variable set hash-table stats:
# Load=0/32=0%, Rehash=0, Collisions=0/0=0%

tree-test: ll.o linked_list_generic.h tree.o tree.h
#  Implicit rule search has not been done.
#  File does not exist.
#  File has been updated.
#  Needs to be updated (-q is set).
# variable set hash-table stats:
# Load=0/32=0%, Rehash=0, Collisions=0/5=0%
#  commands to execute (from `Makefile', line 14):
	$(CC) -o $@ $(CPPFLAGS) $(CFLAGS) $(LDFLAGS) ll.o $(LDLIBS)
	

.SUFFIXES: .c .o
#  Implicit rule search has not been done.
#  Modification time never checked.
#  File has not been updated.

# Not a target:
Makefile:
#  Implicit rule search has been done.
#  Last modified 2022-06-20 16:11:25
#  File has been updated.
#  Successfully updated.
# variable set hash-table stats:
# Load=0/32=0%, Rehash=0, Collisions=0/0=0%

# Not a target:
.c:
#  Implicit rule search has not been done.
#  Modification time never checked.
#  File has not been updated.

.c.o:
#  Implicit rule search has not been done.
#  Modification time never checked.
#  File has not been updated.
#  commands to execute (from `Makefile', line 21):
	$(CC) $(CPPFLAGS) $(CFLAGS) -o $@ -c $<
	

.POSIX:
#  Implicit rule search has not been done.
#  Modification time never checked.
#  File has not been updated.

# Not a target:
.DEFAULT:
#  Implicit rule search has not been done.
#  Modification time never checked.
#  File has not been updated.

tree.o: tree.c tree.h
#  Implicit rule search has been done.
#  Implicit/static pattern stem: `tree'
#  Last modified 1969-12-31 18:59:56
#  File has been updated.
#  Needs to be updated (-q is set).
# automatic
# @ := tree.o
# automatic
# % := 
# automatic
# * := tree
# automatic
# + := tree.c tree.c tree.h
# automatic
# | := 
# automatic
# < := tree.c
# automatic
# ^ := tree.c tree.h
# automatic
# ? := tree.c tree.h
# variable set hash-table stats:
 
# Load=8/32=25%, Rehash=0, Collisions=1/15=7%
#  commands to execute (from `Makefile', line 21):
	$(CC) $(CPPFLAGS) $(CFLAGS) -o $@ -c $<
	

# Not a target:
tree.c:
#  Implicit rule search has been done.
#  Last modified 2022-06-20 15:15:05
#  File has been updated.
#  Successfully updated.
# variable set hash-table stats:
# Load=0/32=0%, Rehash=0, Collisions=0/0=0%

clean:
#  Implicit rule search has not been done.
#  Modification time never checked.
#  File has not been updated.
#  commands to execute (from `Makefile', line 17):
	rm -f tree-test ll.o tree.o
	

# Not a target:
linked_list_generic.c:
#  Implicit rule search has been done.
#  Last modified 2022-06-20 15:45:59
#  File has been updated.
#  Successfully updated.
# variable set hash-table stats:
# Load=0/32=0%, Rehash=0, Collisions=0/0=0%

# Not a target:
tree.h:
#  Implicit rule search has been done.
#  Last modified 2022-06-13 23:38:42
#  File has been updated.
#  Successfully updated.
# variable set hash-table stats:
# Load=0/32=0%, Rehash=0, Collisions=0/0=0%

# Not a target:
linked_list_generic.h:
#  Implicit rule search has been done.
#  Last modified 2022-06-20 15:29:19
#  File has been updated.
#  Successfully updated.
# variable set hash-table stats:
# Load=0/32=0%, Rehash=0, Collisions=0/0=0%

# Not a target:
.o:
#  Implicit rule search has not been done.
#  Modification time never checked.
#  File has not been updated.

# files hash-table stats:
# Load=16/1024=2%, Rehash=0, Collisions=8/48=17%
# VPATH Search Paths

# No `vpath' search paths.

# No general (`VPATH' variable) search path.

# # of strings in strcache: 1
# # of strcache buffers: 1
# strcache size: total = 4096 / max = 4096 / min = 4096 / avg = 4096
# strcache free: total = 4087 / max = 4087 / min = 4087 / avg = 4087

# Finished Make data base on Mon Jun 20 16:12:12 2022

 
